
From: arpwatch (Arpwatch debdev-srv02)
To: root
Subject: new station (fingbox.black.lan) ens18

            hostname: fingbox.black.lan
          ip address: 172.31.3.150
           interface: ens18
    ethernet address: f0:23:b9:ed:99:ae
     ethernet vendor: IEEE Registration Authority
           timestamp: Friday, August 11, 2023 1:08:39 +0200

From: arpwatch (Arpwatch debdev-srv02)
To: root
Subject: new station (172.31.10.35) ens18

            hostname: <unknown>
          ip address: 172.31.10.35
           interface: ens18
    ethernet address: da:ca:31:56:05:75
     ethernet vendor: <unknown>
           timestamp: Friday, August 11, 2023 1:08:39 +0200

From: arpwatch (Arpwatch debdev-srv02)
To: root
Subject: new station (synrs816-01.black.lan) ens18

            hostname: synrs816-01.black.lan
          ip address: 172.31.5.230
           interface: ens18
    ethernet address: 00:11:32:72:db:d9
     ethernet vendor: Synology Incorporated
           timestamp: Friday, August 11, 2023 1:08:40 +0200

From: arpwatch (Arpwatch debdev-srv02)
To: root
Subject: new station (powerline_liara.black.lan) ens18

            hostname: powerline_liara.black.lan
          ip address: 172.31.4.30
           interface: ens18
    ethernet address: 30:d3:2d:0a:92:16
     ethernet vendor: devolo AG
           timestamp: Friday, August 11, 2023 1:08:40 +0200

From: arpwatch (Arpwatch debdev-srv02)
To: root
Subject: new station (powerline_wohnzimmer.black.lan) ens18

            hostname: powerline_wohnzimmer.black.lan
          ip address: 172.31.4.50
           interface: ens18
    ethernet address: 30:d3:2d:71:2f:a3
     ethernet vendor: devolo AG
           timestamp: Friday, August 11, 2023 1:08:40 +0200

From: arpwatch (Arpwatch debdev-srv02)
To: root
Subject: new station (powerline_garten.black.lan) ens18

            hostname: powerline_garten.black.lan
          ip address: 172.31.4.40
           interface: ens18
    ethernet address: 30:d3:2d:cd:35:6a
     ethernet vendor: devolo AG
           timestamp: Friday, August 11, 2023 1:08:41 +0200

From: arpwatch (Arpwatch debdev-srv02)
To: root
Subject: new station (powerline_buffet.black.lan) ens18

            hostname: powerline_buffet.black.lan
          ip address: 172.31.4.20
           interface: ens18
    ethernet address: 30:d3:2d:0a:96:aa
     ethernet vendor: devolo AG
           timestamp: Friday, August 11, 2023 1:08:42 +0200

From: arpwatch (Arpwatch debdev-srv02)
To: root
Subject: new station (powerline_office.black.lan) ens18

            hostname: powerline_office.black.lan
          ip address: 172.31.4.60
           interface: ens18
    ethernet address: 30:d3:2d:0a:96:ae
     ethernet vendor: devolo AG
           timestamp: Friday, August 11, 2023 1:08:42 +0200

From: arpwatch (Arpwatch debdev-srv02)
To: root
Subject: new station (172.31.10.110) ens18

            hostname: <unknown>
          ip address: 172.31.10.110
           interface: ens18
    ethernet address: f2:d1:bf:ce:ff:a6
     ethernet vendor: <unknown>
           timestamp: Friday, August 11, 2023 1:08:45 +0200

From: arpwatch (Arpwatch debdev-srv02)
To: root
Subject: new station (pi.hole) ens18

            hostname: pi.hole
          ip address: 172.31.10.10
           interface: ens18
    ethernet address: be:dd:ca:45:f7:07
     ethernet vendor: <unknown>
           timestamp: Friday, August 11, 2023 1:08:45 +0200

From: arpwatch (Arpwatch debdev-srv02)
To: root
Subject: new station (hmccu2.black.lan) ens18

            hostname: hmccu2.black.lan
          ip address: 172.31.5.40
           interface: ens18
    ethernet address: 00:1a:22:05:b6:11
     ethernet vendor: eQ-3 Entwicklung GmbH
           timestamp: Friday, August 11, 2023 1:09:08 +0200

From: arpwatch (Arpwatch debdev-srv02)
To: root
Subject: new station (appletv_schlafzimmer.black.lan) ens18

            hostname: appletv_schlafzimmer.black.lan
          ip address: 172.31.6.40
           interface: ens18
    ethernet address: 50:32:37:ad:1d:24
     ethernet vendor: Apple, Inc.
           timestamp: Friday, August 11, 2023 1:09:14 +0200

From: arpwatch (Arpwatch debdev-srv02)
To: root
Subject: new station (homepod_office1.black.lan) ens18

            hostname: homepod_office1.black.lan
          ip address: 172.31.6.100
           interface: ens18
    ethernet address: 58:d3:49:3d:c2:0a
     ethernet vendor: Apple, Inc.
           timestamp: Friday, August 11, 2023 1:09:14 +0200

From: arpwatch (Arpwatch debdev-srv02)
To: root
Subject: new station (ronny_ipadmon.black.lan) ens18

            hostname: ronny_ipadmon.black.lan
          ip address: 172.31.100.90
           interface: ens18
    ethernet address: 70:de:e2:f2:ae:41
     ethernet vendor: Apple, Inc.
           timestamp: Friday, August 11, 2023 1:09:20 +0200

From: arpwatch (Arpwatch debdev-srv02)
To: root
Subject: new station (appletv_wohnzimmereth.black.lan) ens18

            hostname: appletv_wohnzimmereth.black.lan
          ip address: 172.31.6.21
           interface: ens18
    ethernet address: d0:03:4b:4b:22:68
     ethernet vendor: Apple, Inc.
           timestamp: Friday, August 11, 2023 1:09:59 +0200

From: arpwatch (Arpwatch debdev-srv02)
To: root
Subject: new station (172.31.1.1) ens18

            hostname: <unknown>
          ip address: 172.31.1.1
           interface: ens18
    ethernet address: 4e:b0:37:74:8d:b7
     ethernet vendor: <unknown>
           timestamp: Friday, August 11, 2023 1:13:14 +0200

From: arpwatch (Arpwatch debdev-srv02)
To: root
Subject: new station (srv_syncthing.black.lan) ens18

            hostname: srv_syncthing.black.lan
          ip address: 172.31.10.40
           interface: ens18
    ethernet address: 22:33:b1:ea:ce:2c
     ethernet vendor: <unknown>
           timestamp: Friday, August 11, 2023 1:13:55 +0200

From: arpwatch (Arpwatch debdev-srv02)
To: root
Subject: new station (appletv_office.black.lan) ens18

            hostname: appletv_office.black.lan
          ip address: 172.31.6.30
           interface: ens18
    ethernet address: 50:de:06:9f:b0:64
     ethernet vendor: Apple, Inc.
           timestamp: Friday, August 11, 2023 1:14:04 +0200

From: arpwatch (Arpwatch debdev-srv02)
To: root
Subject: new station (appletv_kueche.black.lan) ens18

            hostname: appletv_kueche.black.lan
          ip address: 172.31.6.10
           interface: ens18
    ethernet address: b8:17:c2:b2:06:52
     ethernet vendor: Apple, Inc.
           timestamp: Friday, August 11, 2023 1:14:04 +0200

From: arpwatch (Arpwatch debdev-srv02)
To: root
Subject: new station (laila_macminiwl.black.lan) ens18

            hostname: laila_macminiwl.black.lan
          ip address: 172.31.110.20
           interface: ens18
    ethernet address: 14:98:77:83:88:ff
     ethernet vendor: Apple, Inc.
           timestamp: Friday, August 11, 2023 1:14:04 +0200

From: arpwatch (Arpwatch debdev-srv02)
To: root
Subject: new station (laila_ipad.black.lan) ens18

            hostname: laila_ipad.black.lan
          ip address: 172.31.110.50
           interface: ens18
    ethernet address: 6c:19:c0:5e:f8:c2
     ethernet vendor: Apple, Inc.
           timestamp: Friday, August 11, 2023 1:14:04 +0200

From: arpwatch (Arpwatch debdev-srv02)
To: root
Subject: new station (ronny_macbook_magentausb.black.lan) ens18

            hostname: ronny_macbook_magentausb.black.lan
          ip address: 172.31.100.250
           interface: ens18
    ethernet address: 3c:e1:a1:42:4c:21
     ethernet vendor: Universal Global Scientific Industrial Co., Ltd.
           timestamp: Friday, August 11, 2023 1:14:04 +0200

From: arpwatch (Arpwatch debdev-srv02)
To: root
Subject: new station (laila_macbook.black.lan) ens18

            hostname: laila_macbook.black.lan
          ip address: 172.31.110.40
           interface: ens18
    ethernet address: f8:ff:c2:30:ec:50
     ethernet vendor: Apple, Inc.
           timestamp: Friday, August 11, 2023 1:14:04 +0200

From: arpwatch (Arpwatch debdev-srv02)
To: root
Subject: new station (homepod_office2.black.lan) ens18

            hostname: homepod_office2.black.lan
          ip address: 172.31.6.101
           interface: ens18
    ethernet address: 58:d3:49:3f:33:fb
     ethernet vendor: Apple, Inc.
           timestamp: Friday, August 11, 2023 1:14:04 +0200

From: arpwatch (Arpwatch debdev-srv02)
To: root
Subject: new station (wlcam01.black.lan) ens18

            hostname: wlcam01.black.lan
          ip address: 172.31.5.100
           interface: ens18
    ethernet address: b0:c5:54:22:74:57
     ethernet vendor: D-Link International
           timestamp: Friday, August 11, 2023 1:16:17 +0200

From: arpwatch (Arpwatch debdev-srv02)
To: root
Subject: new station (wlcam02.black.lan) ens18

            hostname: wlcam02.black.lan
          ip address: 172.31.5.110
           interface: ens18
    ethernet address: b0:c5:54:28:de:ef
     ethernet vendor: D-Link International
           timestamp: Friday, August 11, 2023 1:16:17 +0200

From: arpwatch (Arpwatch debdev-srv02)
To: root
Subject: new station (neo_ipad.black.lan) ens18

            hostname: neo_ipad.black.lan
          ip address: 172.31.140.30
           interface: ens18
    ethernet address: f0:76:6f:65:d8:9e
     ethernet vendor: Apple, Inc.
           timestamp: Friday, August 11, 2023 1:16:17 +0200

From: arpwatch (Arpwatch debdev-srv02)
To: root
Subject: new station (wlcam06.black.lan) ens18

            hostname: wlcam06.black.lan
          ip address: 172.31.5.150
           interface: ens18
    ethernet address: b0:c5:54:28:e1:3a
     ethernet vendor: D-Link International
           timestamp: Friday, August 11, 2023 1:17:19 +0200

From: arpwatch (Arpwatch debdev-srv02)
To: root
Subject: new station (fw02.black.lan) ens18

            hostname: fw02.black.lan
          ip address: 172.31.3.15
           interface: ens18
    ethernet address: 00:0d:b9:5d:d0:41
     ethernet vendor: PC Engines GmbH
           timestamp: Friday, August 11, 2023 1:19:05 +0200

From: arpwatch (Arpwatch debdev-srv02)
To: root
Subject: new station (fw01.black.lan) ens18

            hostname: fw01.black.lan
          ip address: 172.31.3.10
           interface: ens18
    ethernet address: 00:0d:b9:5a:f0:2d
     ethernet vendor: PC Engines GmbH
           timestamp: Friday, August 11, 2023 1:19:56 +0200

From: arpwatch (Arpwatch debdev-srv02)
To: root
Subject: new station (laila_iphone.black.lan) ens18

            hostname: laila_iphone.black.lan
          ip address: 172.31.110.30
           interface: ens18
    ethernet address: e4:9c:67:80:1b:ea
     ethernet vendor: <unknown>
           timestamp: Friday, August 11, 2023 1:21:09 +0200

From: arpwatch (Arpwatch debdev-srv02)
To: root
Subject: new station (172.31.200.150) ens18

            hostname: <unknown>
          ip address: 172.31.200.150
           interface: ens18
    ethernet address: c2:3c:1e:76:91:fa
     ethernet vendor: <unknown>
           timestamp: Friday, August 11, 2023 1:21:21 +0200

From: arpwatch (Arpwatch debdev-srv02)
To: root
Subject: new station (loudspeaker_sonos02.black.lan) ens18

            hostname: loudspeaker_sonos02.black.lan
          ip address: 172.31.6.121
           interface: ens18
    ethernet address: 78:28:ca:93:2c:ca
     ethernet vendor: Sonos, Inc.
           timestamp: Friday, August 11, 2023 1:23:34 +0200

From: arpwatch (Arpwatch debdev-srv02)
To: root
Subject: new station (zoey_iphone.black.lan) ens18

            hostname: zoey_iphone.black.lan
          ip address: 172.31.130.20
           interface: ens18
    ethernet address: fc:2a:9c:87:b8:64
     ethernet vendor: Apple, Inc.
           timestamp: Friday, August 11, 2023 1:32:42 +0200

From: arpwatch (Arpwatch debdev-srv02)
To: root
Subject: new station (ronny_imac_eth0.black.lan) ens18

            hostname: ronny_imac_eth0.black.lan
          ip address: 172.31.100.10
           interface: ens18
    ethernet address: ac:87:a3:36:69:cc
     ethernet vendor: Apple, Inc.
           timestamp: Friday, August 11, 2023 1:33:10 +0200

From: arpwatch (Arpwatch debdev-srv02)
To: root
Subject: new station (172.31.5.50) ens18

            hostname: <unknown>
          ip address: 172.31.5.50
           interface: ens18
    ethernet address: 68:ec:8a:01:1e:5b
     ethernet vendor: Private
           timestamp: Friday, August 11, 2023 1:34:22 +0200

From: arpwatch (Arpwatch debdev-srv02)
To: root
Subject: new station (liara_ipad.black.lan) ens18

            hostname: liara_ipad.black.lan
          ip address: 172.31.120.30
           interface: ens18
    ethernet address: 8a:c3:33:0b:99:60
     ethernet vendor: <unknown>
           timestamp: Friday, August 11, 2023 1:34:44 +0200

From: arpwatch (Arpwatch debdev-srv02)
To: root
Subject: new station (ronny_iphone.black.lan) ens18

            hostname: ronny_iphone.black.lan
          ip address: 172.31.100.70
           interface: ens18
    ethernet address: a4:c3:37:b2:18:64
     ethernet vendor: <unknown>
           timestamp: Friday, August 11, 2023 1:37:06 +0200

From: arpwatch (Arpwatch debdev-srv02)
To: root
Subject: new station (zoey_switch.black.lan) ens18

            hostname: zoey_switch.black.lan
          ip address: 172.31.130.200
           interface: ens18
    ethernet address: 98:b6:e9:03:6b:d0
     ethernet vendor: Nintendo Co.,Ltd
           timestamp: Friday, August 11, 2023 1:44:15 +0200

From: arpwatch (Arpwatch debdev-srv02)
To: root
Subject: new station (wlcam05.black.lan) ens18

            hostname: wlcam05.black.lan
          ip address: 172.31.5.140
           interface: ens18
    ethernet address: b0:c5:54:17:00:73
     ethernet vendor: D-Link International
           timestamp: Friday, August 11, 2023 1:45:17 +0200

From: arpwatch (Arpwatch debdev-srv02)
To: root
Subject: new station (ronny_macminiwl.black.lan) ens18

            hostname: ronny_macminiwl.black.lan
          ip address: 172.31.100.20
           interface: ens18
    ethernet address: 60:f8:1d:c6:8b:fc
     ethernet vendor: Apple, Inc.
           timestamp: Friday, August 11, 2023 1:48:26 +0200

From: arpwatch (Arpwatch debdev-srv02)
To: root
Subject: new station (loudspeaker_sonos01.black.lan) ens18

            hostname: loudspeaker_sonos01.black.lan
          ip address: 172.31.6.120
           interface: ens18
    ethernet address: 78:28:ca:93:30:8c
     ethernet vendor: Sonos, Inc.
           timestamp: Friday, August 11, 2023 1:57:57 +0200

From: arpwatch (Arpwatch debdev-srv02)
To: root
Subject: new station (synrs816-02.black.lan) ens18

            hostname: synrs816-02.black.lan
          ip address: 172.31.5.231
           interface: ens18
    ethernet address: 00:11:32:72:db:da
     ethernet vendor: Synology Incorporated
           timestamp: Friday, August 11, 2023 2:37:07 +0200

From: arpwatch (Arpwatch debdev-srv02)
To: root
Subject: new station (172.31.200.120) ens18

            hostname: <unknown>
          ip address: 172.31.200.120
           interface: ens18
    ethernet address: d8:e2:df:89:8b:e4
     ethernet vendor: <unknown>
           timestamp: Friday, August 11, 2023 3:12:02 +0200

From: arpwatch (Arpwatch debdev-srv02)
To: root
Subject: new station (172.31.140.20) ens18

            hostname: <unknown>
          ip address: 172.31.140.20
           interface: ens18
    ethernet address: e0:33:8e:4e:fe:87
     ethernet vendor: Apple, Inc.
           timestamp: Friday, August 11, 2023 3:16:53 +0200

From: arpwatch (Arpwatch debdev-srv02)
To: root
Subject: new station (laila_hp5a40ca.black.lan) ens18

            hostname: laila_hp5a40ca.black.lan
          ip address: 172.31.20.20
           interface: ens18
    ethernet address: 48:9e:bd:5a:40:cb
     ethernet vendor: HP Inc.
           timestamp: Friday, August 11, 2023 3:20:57 +0200

From: arpwatch (Arpwatch debdev-srv02)
To: root
Subject: new station (huebridge01.black.lan) ens18

            hostname: huebridge01.black.lan
          ip address: 172.31.5.30
           interface: ens18
    ethernet address: 00:17:88:21:c0:64
     ethernet vendor: Philips Lighting BV
           timestamp: Friday, August 11, 2023 4:04:48 +0200

From: arpwatch (Arpwatch debdev-srv02)
To: root
Subject: new station (srv_homebridge.black.lan) ens18

            hostname: srv_homebridge.black.lan
          ip address: 172.31.10.30
           interface: ens18
    ethernet address: b8:27:eb:70:e8:a8
     ethernet vendor: Raspberry Pi Foundation
           timestamp: Friday, August 11, 2023 4:06:15 +0200

From: arpwatch (Arpwatch debdev-srv02)
To: root
Subject: new station (xbox_office.black.lan) ens18

            hostname: xbox_office.black.lan
          ip address: 172.31.6.150
           interface: ens18
    ethernet address: 4c:3b:df:3c:a6:13
     ethernet vendor: Microsoft Corporation
           timestamp: Friday, August 11, 2023 4:10:40 +0200

From: arpwatch (Arpwatch debdev-srv02)
To: root
Subject: new station (liara_iphone.black.lan) ens18

            hostname: liara_iphone.black.lan
          ip address: 172.31.120.20
           interface: ens18
    ethernet address: e0:33:8e:41:d2:7e
     ethernet vendor: Apple, Inc.
           timestamp: Friday, August 11, 2023 6:16:15 +0200

From: arpwatch (Arpwatch debdev-srv02)
To: root
Subject: new station (ronny_macbook_magentawl.black.lan) ens18

            hostname: ronny_macbook_magentawl.black.lan
          ip address: 172.31.100.251
           interface: ens18
    ethernet address: 3c:a6:f6:02:04:38
     ethernet vendor: Apple, Inc.
           timestamp: Friday, August 11, 2023 6:17:07 +0200

From: arpwatch (Arpwatch debdev-srv02)
To: root
Subject: new station (ronny_macbookmini.black.lan) ens18

            hostname: ronny_macbookmini.black.lan
          ip address: 172.31.100.30
           interface: ens18
    ethernet address: a4:d1:8c:ed:6c:2e
     ethernet vendor: Apple, Inc.
           timestamp: Friday, August 11, 2023 7:48:16 +0200

From: arpwatch (Arpwatch debdev-srv02)
To: root
Subject: new station (wlcam04.black.lan) ens18

            hostname: wlcam04.black.lan
          ip address: 172.31.5.130
           interface: ens18
    ethernet address: b0:c5:54:49:1b:2f
     ethernet vendor: D-Link International
           timestamp: Friday, August 11, 2023 10:02:45 +0200

From: arpwatch (Arpwatch debdev-srv02)
To: root
Subject: new station (ronny_ipad.black.lan) ens18

            hostname: ronny_ipad.black.lan
          ip address: 172.31.100.80
           interface: ens18
    ethernet address: c8:89:f3:04:9e:1a
     ethernet vendor: <unknown>
           timestamp: Friday, August 11, 2023 10:27:34 +0200

From: arpwatch (Arpwatch debdev-srv02)
To: root
Subject: new station (zoey_ipad.black.lan) ens18

            hostname: zoey_ipad.black.lan
          ip address: 172.31.130.30
           interface: ens18
    ethernet address: 46:cc:b3:40:bb:9d
     ethernet vendor: <unknown>
           timestamp: Friday, August 11, 2023 10:37:00 +0200

From: arpwatch (Arpwatch debdev-srv02)
To: root
Subject: new station (gpchag-sw03.black.lan) ens18

            hostname: gpchag-sw03.black.lan
          ip address: 172.31.3.120
           interface: ens18
    ethernet address: 40:01:c6:9c:88:26
     ethernet vendor: 3COM EUROPE LTD
           timestamp: Friday, August 11, 2023 11:25:13 +0200

From: arpwatch (Arpwatch debdev-srv02)
To: root
Subject: new station (172.31.200.140) ens18

            hostname: <unknown>
          ip address: 172.31.200.140
           interface: ens18
    ethernet address: 26:e8:7d:44:37:9c
     ethernet vendor: <unknown>
           timestamp: Friday, August 11, 2023 12:07:03 +0200

From: arpwatch (Arpwatch debdev-srv02)
To: root
Subject: new station (neo_switch.black.lan) ens18

            hostname: neo_switch.black.lan
          ip address: 172.31.140.200
           interface: ens18
    ethernet address: dc:68:eb:ba:3b:5b
     ethernet vendor: Nintendo Co.,Ltd
           timestamp: Friday, August 11, 2023 13:53:25 +0200

From: arpwatch (Arpwatch debdev-srv02)
To: root
Subject: new station (neo_toniebox.black.lan) ens18

            hostname: neo_toniebox.black.lan
          ip address: 172.31.140.210
           interface: ens18
    ethernet address: 20:91:48:df:a9:a8
     ethernet vendor: Texas Instruments
           timestamp: Friday, August 11, 2023 21:40:11 +0200

From: arpwatch (Arpwatch debdev-srv02)
To: root
Subject: new station (liara_chromcast.black.lan) ens18

            hostname: liara_chromcast.black.lan
          ip address: 172.31.120.200
           interface: ens18
    ethernet address: b0:2a:43:64:da:20
     ethernet vendor: Google, Inc.
           timestamp: Friday, August 11, 2023 23:13:41 +0200

From: arpwatch (Arpwatch debdev-srv02)
To: root
Subject: new station (ronny_iphone_magenta.black.lan) ens18

            hostname: ronny_iphone_magenta.black.lan
          ip address: 172.31.100.252
           interface: ens18
    ethernet address: fc:66:cf:df:4a:ff
     ethernet vendor: Apple, Inc.
           timestamp: Saturday, August 12, 2023 9:58:49 +0200

From: arpwatch (Arpwatch debdev-srv02)
To: root
Subject: new station (ronny_greenBeast.black.lan) ens18

            hostname: ronny_greenBeast.black.lan
          ip address: 172.31.100.40
           interface: ens18
    ethernet address: 60:45:cb:a0:98:6a
     ethernet vendor: ASUSTek COMPUTER INC.
           timestamp: Saturday, August 12, 2023 14:22:35 +0200

From: arpwatch (Arpwatch debdev-srv02)
To: root
Subject: new station (172.31.200.121) ens18

            hostname: <unknown>
          ip address: 172.31.200.121
           interface: ens18
    ethernet address: 90:81:2a:89:86:1e
     ethernet vendor: Apple, Inc.
           timestamp: Monday, August 14, 2023 12:24:47 +0200

From: arpwatch (Arpwatch debdev-srv02)
To: root
Subject: new station (172.31.200.151) ens18

            hostname: <unknown>
          ip address: 172.31.200.151
           interface: ens18
    ethernet address: 06:e9:46:bb:9c:cd
     ethernet vendor: <unknown>
           timestamp: Tuesday, August 15, 2023 1:23:12 +0200

From: arpwatch (Arpwatch debdev-srv02)
To: root
Subject: new station (zoey_winlapmax.black.lan) ens18

            hostname: zoey_winlapmax.black.lan
          ip address: 172.31.130.15
           interface: ens18
    ethernet address: dc:85:de:b8:31:6f
     ethernet vendor: AzureWave Technology Inc.
           timestamp: Tuesday, August 15, 2023 20:30:57 +0200
